<?xml version="1.0" encoding="utf-8"?><testsuites name="pytest tests"><testsuite name="pytest" errors="0" failures="0" skipped="0" tests="39" time="6.783" timestamp="2026-01-15T04:39:28.253374+00:00" hostname="agent-env-6d6c9b53-95b1-44e2-86ac-55ec716db327"><testcase classname="tests.test_new_features.TestRecipeFavorites" name="test_toggle_favorite_add" time="0.402" /><testcase classname="tests.test_new_features.TestRecipeFavorites" name="test_get_favorites_endpoint" time="0.040" /><testcase classname="tests.test_new_features.TestRecipeFavorites" name="test_favorites_only_filter" time="0.080" /><testcase classname="tests.test_new_features.TestRecipeFavorites" name="test_recipe_has_is_favorite_field" time="0.045" /><testcase classname="tests.test_new_features.TestRecipeFavorites" name="test_toggle_favorite_remove" time="0.077" /><testcase classname="tests.test_new_features.TestRecipeFavorites" name="test_favorite_nonexistent_recipe" time="0.040" /><testcase classname="tests.test_new_features.TestRecipeScaling" name="test_scale_recipe_double" time="0.078" /><testcase classname="tests.test_new_features.TestRecipeScaling" name="test_scale_recipe_half" time="0.038" /><testcase classname="tests.test_new_features.TestRecipeScaling" name="test_scale_recipe_fraction_handling" time="0.039" /><testcase classname="tests.test_new_features.TestRecipeScaling" name="test_scale_recipe_minimum_servings" time="0.037" /><testcase classname="tests.test_new_features.TestRecipeScaling" name="test_scale_recipe_invalid_servings" time="0.074" /><testcase classname="tests.test_new_features.TestRecipeScaling" name="test_scale_nonexistent_recipe" time="0.034" /><testcase classname="tests.test_new_features.TestRecipePrint" name="test_get_print_recipe" time="0.037" /><testcase classname="tests.test_new_features.TestRecipePrint" name="test_print_recipe_has_all_fields" time="0.038" /><testcase classname="tests.test_new_features.TestRecipePrint" name="test_print_nonexistent_recipe" time="0.036" /><testcase classname="tests.test_new_features.TestRecipeListWithFavorites" name="test_recipes_list_has_is_favorite" time="0.038" /><testcase classname="tests.test_kitchenry_features.TestHealthAndBranding" name="test_health_endpoint" time="0.036" /><testcase classname="tests.test_kitchenry_features.TestHealthAndBranding" name="test_config_endpoint" time="0.038" /><testcase classname="tests.test_kitchenry_features.TestAuthentication" name="test_login_existing_user" time="0.258" /><testcase classname="tests.test_kitchenry_features.TestAuthentication" name="test_login_invalid_credentials" time="0.036" /><testcase classname="tests.test_kitchenry_features.TestAuthentication" name="test_register_new_user" time="0.261" /><testcase classname="tests.test_kitchenry_features.TestPlatformImport" name="test_import_json_format" time="0.295" /><testcase classname="tests.test_kitchenry_features.TestPlatformImport" name="test_import_paprika_format" time="0.297" /><testcase classname="tests.test_kitchenry_features.TestPlatformImport" name="test_import_cookmate_format" time="0.293" /><testcase classname="tests.test_kitchenry_features.TestPlatformImport" name="test_import_invalid_json" time="0.306" /><testcase classname="tests.test_kitchenry_features.TestPlatformImport" name="test_import_without_auth" time="0.035" /><testcase classname="tests.test_kitchenry_features.TestLLMSettings" name="test_get_llm_settings" time="0.294" /><testcase classname="tests.test_kitchenry_features.TestLLMSettings" name="test_update_llm_settings" time="0.294" /><testcase classname="tests.test_kitchenry_features.TestLLMSettings" name="test_test_llm_connection_openai" time="0.301" /><testcase classname="tests.test_kitchenry_features.TestNotificationSettings" name="test_get_notification_settings" time="0.303" /><testcase classname="tests.test_kitchenry_features.TestNotificationSettings" name="test_update_notification_settings" time="0.292" /><testcase classname="tests.test_kitchenry_features.TestNotificationSettings" name="test_subscribe_push_notifications" time="0.346" /><testcase classname="tests.test_kitchenry_features.TestRecipeCRUD" name="test_get_recipes" time="0.309" /><testcase classname="tests.test_kitchenry_features.TestRecipeCRUD" name="test_create_recipe" time="0.341" /><testcase classname="tests.test_kitchenry_features.TestRecipeCRUD" name="test_get_categories" time="0.298" /><testcase classname="tests.test_kitchenry_features.TestCalendarExport" name="test_ical_export" time="0.294" /><testcase classname="tests.test_kitchenry_features.TestHomeAssistant" name="test_homeassistant_config" time="0.037" /><testcase classname="tests.test_kitchenry_features.TestHomeAssistant" name="test_homeassistant_today" time="0.301" /><testcase classname="tests.test_kitchenry_features.TestHomeAssistant" name="test_homeassistant_shopping" time="0.306" /></testsuite></testsuites>