<?xml version="1.0" encoding="utf-8"?><testsuites name="pytest tests"><testsuite name="pytest" errors="0" failures="0" skipped="0" tests="23" time="5.785" timestamp="2026-01-15T04:22:36.897217+00:00" hostname="agent-env-6d6c9b53-95b1-44e2-86ac-55ec716db327"><testcase classname="tests.test_kitchenry_features.TestHealthAndBranding" name="test_health_endpoint" time="0.052" /><testcase classname="tests.test_kitchenry_features.TestHealthAndBranding" name="test_config_endpoint" time="0.042" /><testcase classname="tests.test_kitchenry_features.TestAuthentication" name="test_login_existing_user" time="0.263" /><testcase classname="tests.test_kitchenry_features.TestAuthentication" name="test_login_invalid_credentials" time="0.036" /><testcase classname="tests.test_kitchenry_features.TestAuthentication" name="test_register_new_user" time="0.259" /><testcase classname="tests.test_kitchenry_features.TestPlatformImport" name="test_import_json_format" time="0.307" /><testcase classname="tests.test_kitchenry_features.TestPlatformImport" name="test_import_paprika_format" time="0.299" /><testcase classname="tests.test_kitchenry_features.TestPlatformImport" name="test_import_cookmate_format" time="0.300" /><testcase classname="tests.test_kitchenry_features.TestPlatformImport" name="test_import_invalid_json" time="0.297" /><testcase classname="tests.test_kitchenry_features.TestPlatformImport" name="test_import_without_auth" time="0.040" /><testcase classname="tests.test_kitchenry_features.TestLLMSettings" name="test_get_llm_settings" time="0.300" /><testcase classname="tests.test_kitchenry_features.TestLLMSettings" name="test_update_llm_settings" time="0.320" /><testcase classname="tests.test_kitchenry_features.TestLLMSettings" name="test_test_llm_connection_openai" time="0.304" /><testcase classname="tests.test_kitchenry_features.TestNotificationSettings" name="test_get_notification_settings" time="0.302" /><testcase classname="tests.test_kitchenry_features.TestNotificationSettings" name="test_update_notification_settings" time="0.357" /><testcase classname="tests.test_kitchenry_features.TestNotificationSettings" name="test_subscribe_push_notifications" time="0.326" /><testcase classname="tests.test_kitchenry_features.TestRecipeCRUD" name="test_get_recipes" time="0.303" /><testcase classname="tests.test_kitchenry_features.TestRecipeCRUD" name="test_create_recipe" time="0.299" /><testcase classname="tests.test_kitchenry_features.TestRecipeCRUD" name="test_get_categories" time="0.300" /><testcase classname="tests.test_kitchenry_features.TestCalendarExport" name="test_ical_export" time="0.307" /><testcase classname="tests.test_kitchenry_features.TestHomeAssistant" name="test_homeassistant_config" time="0.057" /><testcase classname="tests.test_kitchenry_features.TestHomeAssistant" name="test_homeassistant_today" time="0.350" /><testcase classname="tests.test_kitchenry_features.TestHomeAssistant" name="test_homeassistant_shopping" time="0.298" /></testsuite></testsuites>